2016-04-04 10:58:45 INFO  HelloWorld:21 - Контролер создан
2016-04-04 10:58:45 INFO  HelloWorld:23 - Пакет ресурсов проинициализирован
2016-04-04 10:58:45 INFO  HelloWorld:26 - Локальное время(10) получено
2016-04-04 10:58:45 INFO  HelloWorld:96 - Имя пользователя("KOT") получено
2016-04-04 10:58:45 INFO  HelloWorld:28 - Сообщение приветствия выведено, конец программы
2016-04-05 20:15:42 INFO  HelloWorld:21 - Контролер создан
2016-04-05 20:15:42 INFO  HelloWorld:23 - Пакет ресурсов проинициализирован
2016-04-05 20:15:42 INFO  HelloWorld:26 - Локальное время(20) получено
2016-04-05 20:15:42 INFO  HelloWorld:96 - Имя пользователя("KOT") получено
2016-04-05 20:15:42 INFO  HelloWorld:28 - Сообщение приветствия выведено, конец программы
2016-04-05 20:23:53 INFO  HelloWorld:21 - Контролер создан
2016-04-05 20:23:53 INFO  HelloWorld:23 - Пакет ресурсов проинициализирован
2016-04-05 20:23:53 INFO  HelloWorld:26 - Локальное время(20) получено
2016-04-05 20:23:53 INFO  HelloWorld:96 - Имя пользователя("KOT") получено
2016-04-05 20:23:53 INFO  HelloWorld:28 - Сообщение приветствия выведено, конец программы
2016-04-05 22:42:16 INFO  HelloWorld:21 - Контролер создан
2016-04-05 22:42:16 INFO  HelloWorld:23 - Пакет ресурсов проинициализирован
2016-04-05 22:42:16 INFO  HelloWorld:26 - Локальное время(22) получено
2016-04-05 22:42:16 INFO  HelloWorld:96 - Имя пользователя("KOT") получено
2016-04-05 22:42:16 INFO  HelloWorld:28 - Сообщение приветствия выведено, конец программы
2016-04-06 11:36:03 INFO  HelloWorld:22 - Контролер создан
2016-04-06 11:36:04 INFO  HelloWorld:24 - Пакет ресурсов проинициализирован
2016-04-06 11:36:04 INFO  HelloWorld:27 - Локальное время(11) получено
2016-04-06 11:36:04 INFO  HelloWorld:97 - Имя пользователя("KOT") получено
2016-04-06 11:36:04 INFO  HelloWorld:29 - Сообщение приветствия выведено, конец программы
2016-04-06 12:59:30 INFO  HelloWorld:22 - Контролер создан
2016-04-06 12:59:30 INFO  HelloWorld:24 - Пакет ресурсов проинициализирован
2016-04-06 12:59:30 INFO  HelloWorld:27 - Локальное время(12) получено
2016-04-06 12:59:30 INFO  HelloWorld:97 - Имя пользователя("KOT") получено
2016-04-06 12:59:30 INFO  HelloWorld:29 - Сообщение приветствия выведено, конец программы
